<?xml version="1.0" encoding="UTF-8"?>
<!-- Generated by org.testng.reporters.JUnitReportReporter -->
<testsuite hostname="A-DEV-CHUNGL" failures="0" tests="1" name="TestCase.Sample01" time="0.083" errors="0" timestamp="2023-01-16T21:38:19 ICT" skipped="0">
  <testcase classname="TestCase.Sample01" name="f" time="0.083"/>
  <system-out/>
</testsuite> <!-- TestCase.Sample01 -->
