<?xml version="1.0" encoding="UTF-8"?>
<!-- Generated by org.testng.reporters.JUnitReportReporter -->
<testsuite hostname="A-DEV-CHUNGL" failures="0" tests="1" name="TestCase.test02" time="0.045" errors="0" timestamp="2023-01-17T23:54:04 ICT" skipped="0">
  <testcase classname="TestCase.test02" name="f" time="0.045"/>
  <system-out/>
</testsuite> <!-- TestCase.test02 -->
