<?xml version="1.0" encoding="UTF-8"?>
<!-- Generated by org.testng.reporters.JUnitReportReporter -->
<testsuite hostname="LAPTOP-SHFJGVJU" failures="0" tests="1" name="TestCase.test01" time="24.478" errors="0" timestamp="2023-01-20T23:48:39 ICT" skipped="0">
  <testcase classname="TestCase.test01" name="GotoLandingpPage" time="24.478"/>
  <system-out/>
</testsuite> <!-- TestCase.test01 -->
