<?xml version="1.0" encoding="UTF-8"?>
<!-- Generated by org.testng.reporters.JUnitReportReporter -->
<testsuite hostname="A-DEV-CHUNGL" failures="0" tests="1" name="package01.test03" time="0.002" errors="0" timestamp="2023-01-15T15:08:29 ICT" skipped="0">
  <testcase classname="package01.test03" name="f" time="0.002"/>
  <system-out/>
</testsuite> <!-- package01.test03 -->
